CRITICAL - 2023-01-13 08:20:44 --> syntax error, unexpected token "<<", expecting "]"
in APPPATH\Config\Database.php on line 38.
 1 SYSTEMPATH\Autoloader\Autoloader.php(260): CodeIgniter\Autoloader\Autoloader->includeFile('APPPATH\\Config\\Database.php')
 2 SYSTEMPATH\Autoloader\Autoloader.php(238): CodeIgniter\Autoloader\Autoloader->loadInNamespace('Config\\Database')
 3 SYSTEMPATH\Model.php(154): CodeIgniter\Autoloader\Autoloader->loadClass('Config\\Database')
 4 APPPATH\Controllers\Home.php(14): CodeIgniter\Model->__construct()
 5 SYSTEMPATH\CodeIgniter.php(925): App\Controllers\Home->index()
 6 SYSTEMPATH\CodeIgniter.php(480): CodeIgniter\CodeIgniter->runController(Object(App\Controllers\Home))
 7 SYSTEMPATH\CodeIgniter.php(349): CodeIgniter\CodeIgniter->handleRequest(null, Object(Config\Cache), false)
 8 FCPATH\index.php(67): CodeIgniter\CodeIgniter->run()
ERROR - 2023-01-13 08:23:00 --> Error connecting to the database: mysqli_sql_exception: Unknown database 'ibcarsell' in D:\xamp\htdocs\proyecto1\system\Database\MySQLi\Connection.php:171
Stack trace:
#0 D:\xamp\htdocs\proyecto1\system\Database\MySQLi\Connection.php(171): mysqli->real_connect('localhost', 'root', '', 'ibcarsell', 3306, '', 0)
#1 D:\xamp\htdocs\proyecto1\system\Database\BaseConnection.php(382): CodeIgniter\Database\MySQLi\Connection->connect(false)
#2 D:\xamp\htdocs\proyecto1\system\Database\BaseConnection.php(561): CodeIgniter\Database\BaseConnection->initialize()
#3 D:\xamp\htdocs\proyecto1\system\Database\BaseBuilder.php(1585): CodeIgniter\Database\BaseConnection->query('SELECT *\nFROM `...', Array, false)
#4 D:\xamp\htdocs\proyecto1\system\Model.php(240): CodeIgniter\Database\BaseBuilder->get()
#5 D:\xamp\htdocs\proyecto1\system\BaseModel.php(586): CodeIgniter\Model->doFindAll(0, 0)
#6 D:\xamp\htdocs\proyecto1\app\Controllers\Home.php(15): CodeIgniter\BaseModel->findAll()
#7 D:\xamp\htdocs\proyecto1\system\CodeIgniter.php(925): App\Controllers\Home->index()
#8 D:\xamp\htdocs\proyecto1\system\CodeIgniter.php(480): CodeIgniter\CodeIgniter->runController(Object(App\Controllers\Home))
#9 D:\xamp\htdocs\proyecto1\system\CodeIgniter.php(349): CodeIgniter\CodeIgniter->handleRequest(NULL, Object(Config\Cache), false)
#10 D:\xamp\htdocs\proyecto1\index.php(67): CodeIgniter\CodeIgniter->run()
#11 {main}

Next CodeIgniter\Database\Exceptions\DatabaseException: Unknown database 'ibcarsell' in D:\xamp\htdocs\proyecto1\system\Database\MySQLi\Connection.php:215
Stack trace:
#0 D:\xamp\htdocs\proyecto1\system\Database\BaseConnection.php(382): CodeIgniter\Database\MySQLi\Connection->connect(false)
#1 D:\xamp\htdocs\proyecto1\system\Database\BaseConnection.php(561): CodeIgniter\Database\BaseConnection->initialize()
#2 D:\xamp\htdocs\proyecto1\system\Database\BaseBuilder.php(1585): CodeIgniter\Database\BaseConnection->query('SELECT *\nFROM `...', Array, false)
#3 D:\xamp\htdocs\proyecto1\system\Model.php(240): CodeIgniter\Database\BaseBuilder->get()
#4 D:\xamp\htdocs\proyecto1\system\BaseModel.php(586): CodeIgniter\Model->doFindAll(0, 0)
#5 D:\xamp\htdocs\proyecto1\app\Controllers\Home.php(15): CodeIgniter\BaseModel->findAll()
#6 D:\xamp\htdocs\proyecto1\system\CodeIgniter.php(925): App\Controllers\Home->index()
#7 D:\xamp\htdocs\proyecto1\system\CodeIgniter.php(480): CodeIgniter\CodeIgniter->runController(Object(App\Controllers\Home))
#8 D:\xamp\htdocs\proyecto1\system\CodeIgniter.php(349): CodeIgniter\CodeIgniter->handleRequest(NULL, Object(Config\Cache), false)
#9 D:\xamp\htdocs\proyecto1\index.php(67): CodeIgniter\CodeIgniter->run()
#10 {main}
CRITICAL - 2023-01-13 08:23:00 --> Unable to connect to the database.
Main connection [MySQLi]: Unknown database 'ibcarsell'
in SYSTEMPATH\Database\BaseConnection.php on line 418.
 1 SYSTEMPATH\Database\BaseConnection.php(561): CodeIgniter\Database\BaseConnection->initialize()
 2 SYSTEMPATH\Database\BaseBuilder.php(1585): CodeIgniter\Database\BaseConnection->query('SELECT *
FROM `categoria`
ORDER BY `cat_id` ASC', [], false)
 3 SYSTEMPATH\Model.php(240): CodeIgniter\Database\BaseBuilder->get()
 4 SYSTEMPATH\BaseModel.php(586): CodeIgniter\Model->doFindAll(0, 0)
 5 APPPATH\Controllers\Home.php(15): CodeIgniter\BaseModel->findAll()
 6 SYSTEMPATH\CodeIgniter.php(925): App\Controllers\Home->index()
 7 SYSTEMPATH\CodeIgniter.php(480): CodeIgniter\CodeIgniter->runController(Object(App\Controllers\Home))
 8 SYSTEMPATH\CodeIgniter.php(349): CodeIgniter\CodeIgniter->handleRequest(null, Object(Config\Cache), false)
 9 FCPATH\index.php(67): CodeIgniter\CodeIgniter->run()
ERROR - 2023-01-13 08:24:27 --> Error connecting to the database: mysqli_sql_exception: Unknown database 'ibcarsell' in D:\xamp\htdocs\proyecto1\system\Database\MySQLi\Connection.php:171
Stack trace:
#0 D:\xamp\htdocs\proyecto1\system\Database\MySQLi\Connection.php(171): mysqli->real_connect('localhost', 'root', '', 'ibcarsell', 3306, '', 0)
#1 D:\xamp\htdocs\proyecto1\system\Database\BaseConnection.php(382): CodeIgniter\Database\MySQLi\Connection->connect(false)
#2 D:\xamp\htdocs\proyecto1\system\Database\BaseConnection.php(561): CodeIgniter\Database\BaseConnection->initialize()
#3 D:\xamp\htdocs\proyecto1\system\Database\BaseBuilder.php(1585): CodeIgniter\Database\BaseConnection->query('SELECT *\nFROM `...', Array, false)
#4 D:\xamp\htdocs\proyecto1\system\Model.php(240): CodeIgniter\Database\BaseBuilder->get()
#5 D:\xamp\htdocs\proyecto1\system\BaseModel.php(586): CodeIgniter\Model->doFindAll(0, 0)
#6 D:\xamp\htdocs\proyecto1\app\Controllers\Home.php(15): CodeIgniter\BaseModel->findAll()
#7 D:\xamp\htdocs\proyecto1\system\CodeIgniter.php(925): App\Controllers\Home->index()
#8 D:\xamp\htdocs\proyecto1\system\CodeIgniter.php(480): CodeIgniter\CodeIgniter->runController(Object(App\Controllers\Home))
#9 D:\xamp\htdocs\proyecto1\system\CodeIgniter.php(349): CodeIgniter\CodeIgniter->handleRequest(NULL, Object(Config\Cache), false)
#10 D:\xamp\htdocs\proyecto1\index.php(67): CodeIgniter\CodeIgniter->run()
#11 {main}

Next CodeIgniter\Database\Exceptions\DatabaseException: Unknown database 'ibcarsell' in D:\xamp\htdocs\proyecto1\system\Database\MySQLi\Connection.php:215
Stack trace:
#0 D:\xamp\htdocs\proyecto1\system\Database\BaseConnection.php(382): CodeIgniter\Database\MySQLi\Connection->connect(false)
#1 D:\xamp\htdocs\proyecto1\system\Database\BaseConnection.php(561): CodeIgniter\Database\BaseConnection->initialize()
#2 D:\xamp\htdocs\proyecto1\system\Database\BaseBuilder.php(1585): CodeIgniter\Database\BaseConnection->query('SELECT *\nFROM `...', Array, false)
#3 D:\xamp\htdocs\proyecto1\system\Model.php(240): CodeIgniter\Database\BaseBuilder->get()
#4 D:\xamp\htdocs\proyecto1\system\BaseModel.php(586): CodeIgniter\Model->doFindAll(0, 0)
#5 D:\xamp\htdocs\proyecto1\app\Controllers\Home.php(15): CodeIgniter\BaseModel->findAll()
#6 D:\xamp\htdocs\proyecto1\system\CodeIgniter.php(925): App\Controllers\Home->index()
#7 D:\xamp\htdocs\proyecto1\system\CodeIgniter.php(480): CodeIgniter\CodeIgniter->runController(Object(App\Controllers\Home))
#8 D:\xamp\htdocs\proyecto1\system\CodeIgniter.php(349): CodeIgniter\CodeIgniter->handleRequest(NULL, Object(Config\Cache), false)
#9 D:\xamp\htdocs\proyecto1\index.php(67): CodeIgniter\CodeIgniter->run()
#10 {main}
CRITICAL - 2023-01-13 08:24:27 --> Unable to connect to the database.
Main connection [MySQLi]: Unknown database 'ibcarsell'
in SYSTEMPATH\Database\BaseConnection.php on line 418.
 1 SYSTEMPATH\Database\BaseConnection.php(561): CodeIgniter\Database\BaseConnection->initialize()
 2 SYSTEMPATH\Database\BaseBuilder.php(1585): CodeIgniter\Database\BaseConnection->query('SELECT *
FROM `categoria`
ORDER BY `cat_id` ASC', [], false)
 3 SYSTEMPATH\Model.php(240): CodeIgniter\Database\BaseBuilder->get()
 4 SYSTEMPATH\BaseModel.php(586): CodeIgniter\Model->doFindAll(0, 0)
 5 APPPATH\Controllers\Home.php(15): CodeIgniter\BaseModel->findAll()
 6 SYSTEMPATH\CodeIgniter.php(925): App\Controllers\Home->index()
 7 SYSTEMPATH\CodeIgniter.php(480): CodeIgniter\CodeIgniter->runController(Object(App\Controllers\Home))
 8 SYSTEMPATH\CodeIgniter.php(349): CodeIgniter\CodeIgniter->handleRequest(null, Object(Config\Cache), false)
 9 FCPATH\index.php(67): CodeIgniter\CodeIgniter->run()
ERROR - 2023-01-13 08:43:14 --> Error connecting to the database: mysqli_sql_exception: Unknown database 'ibcarsell' in D:\xamp\htdocs\proyecto1\system\Database\MySQLi\Connection.php:171
Stack trace:
#0 D:\xamp\htdocs\proyecto1\system\Database\MySQLi\Connection.php(171): mysqli->real_connect('localhost', 'root', '', 'ibcarsell', 3306, '', 0)
#1 D:\xamp\htdocs\proyecto1\system\Database\BaseConnection.php(382): CodeIgniter\Database\MySQLi\Connection->connect(false)
#2 D:\xamp\htdocs\proyecto1\system\Database\BaseConnection.php(561): CodeIgniter\Database\BaseConnection->initialize()
#3 D:\xamp\htdocs\proyecto1\system\Database\BaseBuilder.php(1585): CodeIgniter\Database\BaseConnection->query('SELECT *\nFROM `...', Array, false)
#4 D:\xamp\htdocs\proyecto1\system\Model.php(240): CodeIgniter\Database\BaseBuilder->get()
#5 D:\xamp\htdocs\proyecto1\system\BaseModel.php(586): CodeIgniter\Model->doFindAll(0, 0)
#6 D:\xamp\htdocs\proyecto1\app\Controllers\Home.php(15): CodeIgniter\BaseModel->findAll()
#7 D:\xamp\htdocs\proyecto1\system\CodeIgniter.php(925): App\Controllers\Home->index()
#8 D:\xamp\htdocs\proyecto1\system\CodeIgniter.php(480): CodeIgniter\CodeIgniter->runController(Object(App\Controllers\Home))
#9 D:\xamp\htdocs\proyecto1\system\CodeIgniter.php(349): CodeIgniter\CodeIgniter->handleRequest(NULL, Object(Config\Cache), false)
#10 D:\xamp\htdocs\proyecto1\index.php(67): CodeIgniter\CodeIgniter->run()
#11 {main}

Next CodeIgniter\Database\Exceptions\DatabaseException: Unknown database 'ibcarsell' in D:\xamp\htdocs\proyecto1\system\Database\MySQLi\Connection.php:215
Stack trace:
#0 D:\xamp\htdocs\proyecto1\system\Database\BaseConnection.php(382): CodeIgniter\Database\MySQLi\Connection->connect(false)
#1 D:\xamp\htdocs\proyecto1\system\Database\BaseConnection.php(561): CodeIgniter\Database\BaseConnection->initialize()
#2 D:\xamp\htdocs\proyecto1\system\Database\BaseBuilder.php(1585): CodeIgniter\Database\BaseConnection->query('SELECT *\nFROM `...', Array, false)
#3 D:\xamp\htdocs\proyecto1\system\Model.php(240): CodeIgniter\Database\BaseBuilder->get()
#4 D:\xamp\htdocs\proyecto1\system\BaseModel.php(586): CodeIgniter\Model->doFindAll(0, 0)
#5 D:\xamp\htdocs\proyecto1\app\Controllers\Home.php(15): CodeIgniter\BaseModel->findAll()
#6 D:\xamp\htdocs\proyecto1\system\CodeIgniter.php(925): App\Controllers\Home->index()
#7 D:\xamp\htdocs\proyecto1\system\CodeIgniter.php(480): CodeIgniter\CodeIgniter->runController(Object(App\Controllers\Home))
#8 D:\xamp\htdocs\proyecto1\system\CodeIgniter.php(349): CodeIgniter\CodeIgniter->handleRequest(NULL, Object(Config\Cache), false)
#9 D:\xamp\htdocs\proyecto1\index.php(67): CodeIgniter\CodeIgniter->run()
#10 {main}
CRITICAL - 2023-01-13 08:43:14 --> Unable to connect to the database.
Main connection [MySQLi]: Unknown database 'ibcarsell'
in SYSTEMPATH\Database\BaseConnection.php on line 418.
 1 SYSTEMPATH\Database\BaseConnection.php(561): CodeIgniter\Database\BaseConnection->initialize()
 2 SYSTEMPATH\Database\BaseBuilder.php(1585): CodeIgniter\Database\BaseConnection->query('SELECT *
FROM `categoria`
ORDER BY `cat_id` ASC', [], false)
 3 SYSTEMPATH\Model.php(240): CodeIgniter\Database\BaseBuilder->get()
 4 SYSTEMPATH\BaseModel.php(586): CodeIgniter\Model->doFindAll(0, 0)
 5 APPPATH\Controllers\Home.php(15): CodeIgniter\BaseModel->findAll()
 6 SYSTEMPATH\CodeIgniter.php(925): App\Controllers\Home->index()
 7 SYSTEMPATH\CodeIgniter.php(480): CodeIgniter\CodeIgniter->runController(Object(App\Controllers\Home))
 8 SYSTEMPATH\CodeIgniter.php(349): CodeIgniter\CodeIgniter->handleRequest(null, Object(Config\Cache), false)
 9 FCPATH\index.php(67): CodeIgniter\CodeIgniter->run()
