CRITICAL - 2023-01-12 06:06:34 --> Object of class App\Controllers\Home could not be converted to string
in APPPATH\Controllers\Home.php on line 20.
 1 SYSTEMPATH\CodeIgniter.php(925): App\Controllers\Home->vehiculos('1')
 2 SYSTEMPATH\CodeIgniter.php(480): CodeIgniter\CodeIgniter->runController(Object(App\Controllers\Home))
 3 SYSTEMPATH\CodeIgniter.php(349): CodeIgniter\CodeIgniter->handleRequest(null, Object(Config\Cache), false)
 4 FCPATH\index.php(67): CodeIgniter\CodeIgniter->run()
CRITICAL - 2023-01-12 06:06:56 --> Object of class App\Controllers\Home could not be converted to string
in APPPATH\Controllers\Home.php on line 20.
 1 SYSTEMPATH\CodeIgniter.php(925): App\Controllers\Home->vehiculos('1')
 2 SYSTEMPATH\CodeIgniter.php(480): CodeIgniter\CodeIgniter->runController(Object(App\Controllers\Home))
 3 SYSTEMPATH\CodeIgniter.php(349): CodeIgniter\CodeIgniter->handleRequest(null, Object(Config\Cache), false)
 4 FCPATH\index.php(67): CodeIgniter\CodeIgniter->run()
CRITICAL - 2023-01-12 06:06:59 --> Object of class App\Controllers\Home could not be converted to string
in APPPATH\Controllers\Home.php on line 20.
 1 SYSTEMPATH\CodeIgniter.php(925): App\Controllers\Home->vehiculos('1')
 2 SYSTEMPATH\CodeIgniter.php(480): CodeIgniter\CodeIgniter->runController(Object(App\Controllers\Home))
 3 SYSTEMPATH\CodeIgniter.php(349): CodeIgniter\CodeIgniter->handleRequest(null, Object(Config\Cache), false)
 4 FCPATH\index.php(67): CodeIgniter\CodeIgniter->run()
CRITICAL - 2023-01-12 08:54:58 --> syntax error, unexpected token "}"
in APPPATH\Controllers\Home.php on line 18.
 1 SYSTEMPATH\Autoloader\Autoloader.php(260): CodeIgniter\Autoloader\Autoloader->includeFile('APPPATH\\Controllers\\Home.php')
 2 SYSTEMPATH\Autoloader\Autoloader.php(238): CodeIgniter\Autoloader\Autoloader->loadInNamespace('App\\Controllers\\Home')
 3 [internal function]: CodeIgniter\Autoloader\Autoloader->loadClass('App\\Controllers\\Home')
 4 SYSTEMPATH\CodeIgniter.php(875): class_exists('\\App\\Controllers\\Home', true)
 5 SYSTEMPATH\CodeIgniter.php(467): CodeIgniter\CodeIgniter->startController()
 6 SYSTEMPATH\CodeIgniter.php(349): CodeIgniter\CodeIgniter->handleRequest(null, Object(Config\Cache), false)
 7 FCPATH\index.php(67): CodeIgniter\CodeIgniter->run()
CRITICAL - 2023-01-12 09:01:06 --> Object of class CodeIgniter\Database\MySQLi\Connection could not be converted to string
in APPPATH\Views\parte1.php on line 1.
 1 SYSTEMPATH\View\View.php(213): include()
 2 SYSTEMPATH\View\View.php(216): CodeIgniter\View\View->CodeIgniter\View\{closure}()
 3 SYSTEMPATH\Common.php(1135): CodeIgniter\View\View->render('parte1', [], true)
 4 APPPATH\Controllers\Home.php(16): view('parte1')
 5 SYSTEMPATH\CodeIgniter.php(925): App\Controllers\Home->index()
 6 SYSTEMPATH\CodeIgniter.php(480): CodeIgniter\CodeIgniter->runController(Object(App\Controllers\Home))
 7 SYSTEMPATH\CodeIgniter.php(349): CodeIgniter\CodeIgniter->handleRequest(null, Object(Config\Cache), false)
 8 FCPATH\index.php(67): CodeIgniter\CodeIgniter->run()
ERROR - 2023-01-12 09:02:43 --> Error connecting to the database: mysqli_sql_exception: Unknown database 'ibcarsell2' in C:\xampp\htdocs\IBCARSELL\system\Database\MySQLi\Connection.php:171
Stack trace:
#0 C:\xampp\htdocs\IBCARSELL\system\Database\MySQLi\Connection.php(171): mysqli->real_connect('localhost', 'root', '', 'ibcarsell2', 3306, '', 0)
#1 C:\xampp\htdocs\IBCARSELL\system\Database\BaseConnection.php(382): CodeIgniter\Database\MySQLi\Connection->connect(false)
#2 C:\xampp\htdocs\IBCARSELL\system\Database\BaseConnection.php(561): CodeIgniter\Database\BaseConnection->initialize()
#3 C:\xampp\htdocs\IBCARSELL\system\Database\BaseBuilder.php(1585): CodeIgniter\Database\BaseConnection->query('SELECT *\nFROM `...', Array, false)
#4 C:\xampp\htdocs\IBCARSELL\system\Model.php(240): CodeIgniter\Database\BaseBuilder->get()
#5 C:\xampp\htdocs\IBCARSELL\system\BaseModel.php(586): CodeIgniter\Model->doFindAll(0, 0)
#6 C:\xampp\htdocs\IBCARSELL\app\Controllers\Home.php(15): CodeIgniter\BaseModel->findAll()
#7 C:\xampp\htdocs\IBCARSELL\system\CodeIgniter.php(925): App\Controllers\Home->index()
#8 C:\xampp\htdocs\IBCARSELL\system\CodeIgniter.php(480): CodeIgniter\CodeIgniter->runController(Object(App\Controllers\Home))
#9 C:\xampp\htdocs\IBCARSELL\system\CodeIgniter.php(349): CodeIgniter\CodeIgniter->handleRequest(NULL, Object(Config\Cache), false)
#10 C:\xampp\htdocs\IBCARSELL\index.php(67): CodeIgniter\CodeIgniter->run()
#11 {main}

Next CodeIgniter\Database\Exceptions\DatabaseException: Unknown database 'ibcarsell2' in C:\xampp\htdocs\IBCARSELL\system\Database\MySQLi\Connection.php:215
Stack trace:
#0 C:\xampp\htdocs\IBCARSELL\system\Database\BaseConnection.php(382): CodeIgniter\Database\MySQLi\Connection->connect(false)
#1 C:\xampp\htdocs\IBCARSELL\system\Database\BaseConnection.php(561): CodeIgniter\Database\BaseConnection->initialize()
#2 C:\xampp\htdocs\IBCARSELL\system\Database\BaseBuilder.php(1585): CodeIgniter\Database\BaseConnection->query('SELECT *\nFROM `...', Array, false)
#3 C:\xampp\htdocs\IBCARSELL\system\Model.php(240): CodeIgniter\Database\BaseBuilder->get()
#4 C:\xampp\htdocs\IBCARSELL\system\BaseModel.php(586): CodeIgniter\Model->doFindAll(0, 0)
#5 C:\xampp\htdocs\IBCARSELL\app\Controllers\Home.php(15): CodeIgniter\BaseModel->findAll()
#6 C:\xampp\htdocs\IBCARSELL\system\CodeIgniter.php(925): App\Controllers\Home->index()
#7 C:\xampp\htdocs\IBCARSELL\system\CodeIgniter.php(480): CodeIgniter\CodeIgniter->runController(Object(App\Controllers\Home))
#8 C:\xampp\htdocs\IBCARSELL\system\CodeIgniter.php(349): CodeIgniter\CodeIgniter->handleRequest(NULL, Object(Config\Cache), false)
#9 C:\xampp\htdocs\IBCARSELL\index.php(67): CodeIgniter\CodeIgniter->run()
#10 {main}
CRITICAL - 2023-01-12 09:02:43 --> Unable to connect to the database.
Main connection [MySQLi]: Unknown database 'ibcarsell2'
in SYSTEMPATH\Database\BaseConnection.php on line 418.
 1 SYSTEMPATH\Database\BaseConnection.php(561): CodeIgniter\Database\BaseConnection->initialize()
 2 SYSTEMPATH\Database\BaseBuilder.php(1585): CodeIgniter\Database\BaseConnection->query('SELECT *
FROM `categoria`
ORDER BY `cat_id` ASC', [], false)
 3 SYSTEMPATH\Model.php(240): CodeIgniter\Database\BaseBuilder->get()
 4 SYSTEMPATH\BaseModel.php(586): CodeIgniter\Model->doFindAll(0, 0)
 5 APPPATH\Controllers\Home.php(15): CodeIgniter\BaseModel->findAll()
 6 SYSTEMPATH\CodeIgniter.php(925): App\Controllers\Home->index()
 7 SYSTEMPATH\CodeIgniter.php(480): CodeIgniter\CodeIgniter->runController(Object(App\Controllers\Home))
 8 SYSTEMPATH\CodeIgniter.php(349): CodeIgniter\CodeIgniter->handleRequest(null, Object(Config\Cache), false)
 9 FCPATH\index.php(67): CodeIgniter\CodeIgniter->run()
ERROR - 2023-01-12 09:03:05 --> Error connecting to the database: ErrorException: mysqli::real_connect(): php_network_getaddresses: getaddrinfo for localhost2 failed: Host desconocido.  in C:\xampp\htdocs\IBCARSELL\system\Database\MySQLi\Connection.php:171
Stack trace:
#0 [internal function]: CodeIgniter\Debug\Exceptions->errorHandler(2, 'mysqli::real_co...', 'C:\\xampp\\htdocs...', 171)
#1 C:\xampp\htdocs\IBCARSELL\system\Database\MySQLi\Connection.php(171): mysqli->real_connect('localhost2', 'root', '', 'ibcarsell', 3306, '', 0)
#2 C:\xampp\htdocs\IBCARSELL\system\Database\BaseConnection.php(382): CodeIgniter\Database\MySQLi\Connection->connect(false)
#3 C:\xampp\htdocs\IBCARSELL\system\Database\BaseConnection.php(561): CodeIgniter\Database\BaseConnection->initialize()
#4 C:\xampp\htdocs\IBCARSELL\system\Database\BaseBuilder.php(1585): CodeIgniter\Database\BaseConnection->query('SELECT *\nFROM `...', Array, false)
#5 C:\xampp\htdocs\IBCARSELL\system\Model.php(240): CodeIgniter\Database\BaseBuilder->get()
#6 C:\xampp\htdocs\IBCARSELL\system\BaseModel.php(586): CodeIgniter\Model->doFindAll(0, 0)
#7 C:\xampp\htdocs\IBCARSELL\app\Controllers\Home.php(15): CodeIgniter\BaseModel->findAll()
#8 C:\xampp\htdocs\IBCARSELL\system\CodeIgniter.php(925): App\Controllers\Home->index()
#9 C:\xampp\htdocs\IBCARSELL\system\CodeIgniter.php(480): CodeIgniter\CodeIgniter->runController(Object(App\Controllers\Home))
#10 C:\xampp\htdocs\IBCARSELL\system\CodeIgniter.php(349): CodeIgniter\CodeIgniter->handleRequest(NULL, Object(Config\Cache), false)
#11 C:\xampp\htdocs\IBCARSELL\index.php(67): CodeIgniter\CodeIgniter->run()
#12 {main}

Next mysqli_sql_exception: php_network_getaddresses: getaddrinfo for localhost2 failed: Host desconocido.  in C:\xampp\htdocs\IBCARSELL\system\Database\MySQLi\Connection.php:171
Stack trace:
#0 C:\xampp\htdocs\IBCARSELL\system\Database\MySQLi\Connection.php(171): mysqli->real_connect('localhost2', 'root', '', 'ibcarsell', 3306, '', 0)
#1 C:\xampp\htdocs\IBCARSELL\system\Database\BaseConnection.php(382): CodeIgniter\Database\MySQLi\Connection->connect(false)
#2 C:\xampp\htdocs\IBCARSELL\system\Database\BaseConnection.php(561): CodeIgniter\Database\BaseConnection->initialize()
#3 C:\xampp\htdocs\IBCARSELL\system\Database\BaseBuilder.php(1585): CodeIgniter\Database\BaseConnection->query('SELECT *\nFROM `...', Array, false)
#4 C:\xampp\htdocs\IBCARSELL\system\Model.php(240): CodeIgniter\Database\BaseBuilder->get()
#5 C:\xampp\htdocs\IBCARSELL\system\BaseModel.php(586): CodeIgniter\Model->doFindAll(0, 0)
#6 C:\xampp\htdocs\IBCARSELL\app\Controllers\Home.php(15): CodeIgniter\BaseModel->findAll()
#7 C:\xampp\htdocs\IBCARSELL\system\CodeIgniter.php(925): App\Controllers\Home->index()
#8 C:\xampp\htdocs\IBCARSELL\system\CodeIgniter.php(480): CodeIgniter\CodeIgniter->runController(Object(App\Controllers\Home))
#9 C:\xampp\htdocs\IBCARSELL\system\CodeIgniter.php(349): CodeIgniter\CodeIgniter->handleRequest(NULL, Object(Config\Cache), false)
#10 C:\xampp\htdocs\IBCARSELL\index.php(67): CodeIgniter\CodeIgniter->run()
#11 {main}

Next CodeIgniter\Database\Exceptions\DatabaseException: php_network_getaddresses: getaddrinfo for localhost2 failed: Host desconocido.  in C:\xampp\htdocs\IBCARSELL\system\Database\MySQLi\Connection.php:215
Stack trace:
#0 C:\xampp\htdocs\IBCARSELL\system\Database\BaseConnection.php(382): CodeIgniter\Database\MySQLi\Connection->connect(false)
#1 C:\xampp\htdocs\IBCARSELL\system\Database\BaseConnection.php(561): CodeIgniter\Database\BaseConnection->initialize()
#2 C:\xampp\htdocs\IBCARSELL\system\Database\BaseBuilder.php(1585): CodeIgniter\Database\BaseConnection->query('SELECT *\nFROM `...', Array, false)
#3 C:\xampp\htdocs\IBCARSELL\system\Model.php(240): CodeIgniter\Database\BaseBuilder->get()
#4 C:\xampp\htdocs\IBCARSELL\system\BaseModel.php(586): CodeIgniter\Model->doFindAll(0, 0)
#5 C:\xampp\htdocs\IBCARSELL\app\Controllers\Home.php(15): CodeIgniter\BaseModel->findAll()
#6 C:\xampp\htdocs\IBCARSELL\system\CodeIgniter.php(925): App\Controllers\Home->index()
#7 C:\xampp\htdocs\IBCARSELL\system\CodeIgniter.php(480): CodeIgniter\CodeIgniter->runController(Object(App\Controllers\Home))
#8 C:\xampp\htdocs\IBCARSELL\system\CodeIgniter.php(349): CodeIgniter\CodeIgniter->handleRequest(NULL, Object(Config\Cache), false)
#9 C:\xampp\htdocs\IBCARSELL\index.php(67): CodeIgniter\CodeIgniter->run()
#10 {main}
CRITICAL - 2023-01-12 09:03:05 --> Unable to connect to the database.
Main connection [MySQLi]: php_network_getaddresses: getaddrinfo for localhost2 failed: Host desconocido. 
in SYSTEMPATH\Database\BaseConnection.php on line 418.
 1 SYSTEMPATH\Database\BaseConnection.php(561): CodeIgniter\Database\BaseConnection->initialize()
 2 SYSTEMPATH\Database\BaseBuilder.php(1585): CodeIgniter\Database\BaseConnection->query('SELECT *
FROM `categoria`
ORDER BY `cat_id` ASC', [], false)
 3 SYSTEMPATH\Model.php(240): CodeIgniter\Database\BaseBuilder->get()
 4 SYSTEMPATH\BaseModel.php(586): CodeIgniter\Model->doFindAll(0, 0)
 5 APPPATH\Controllers\Home.php(15): CodeIgniter\BaseModel->findAll()
 6 SYSTEMPATH\CodeIgniter.php(925): App\Controllers\Home->index()
 7 SYSTEMPATH\CodeIgniter.php(480): CodeIgniter\CodeIgniter->runController(Object(App\Controllers\Home))
 8 SYSTEMPATH\CodeIgniter.php(349): CodeIgniter\CodeIgniter->handleRequest(null, Object(Config\Cache), false)
 9 FCPATH\index.php(67): CodeIgniter\CodeIgniter->run()
