CRITICAL - 2023-01-10 12:14:39 --> Class "Vehiculo" not found
in APPPATH\Controllers\Home.php on line 11.
 1 SYSTEMPATH\CodeIgniter.php(925): App\Controllers\Home->index()
 2 SYSTEMPATH\CodeIgniter.php(480): CodeIgniter\CodeIgniter->runController(Object(App\Controllers\Home))
 3 SYSTEMPATH\CodeIgniter.php(349): CodeIgniter\CodeIgniter->handleRequest(null, Object(Config\Cache), false)
 4 FCPATH\index.php(67): CodeIgniter\CodeIgniter->run()
CRITICAL - 2023-01-10 12:15:05 --> Class "Vehiculo" not found
in APPPATH\Controllers\Home.php on line 11.
 1 SYSTEMPATH\CodeIgniter.php(925): App\Controllers\Home->index()
 2 SYSTEMPATH\CodeIgniter.php(480): CodeIgniter\CodeIgniter->runController(Object(App\Controllers\Home))
 3 SYSTEMPATH\CodeIgniter.php(349): CodeIgniter\CodeIgniter->handleRequest(null, Object(Config\Cache), false)
 4 FCPATH\index.php(67): CodeIgniter\CodeIgniter->run()
CRITICAL - 2023-01-10 12:15:07 --> Class "Vehiculo" not found
in APPPATH\Controllers\Home.php on line 11.
 1 SYSTEMPATH\CodeIgniter.php(925): App\Controllers\Home->index()
 2 SYSTEMPATH\CodeIgniter.php(480): CodeIgniter\CodeIgniter->runController(Object(App\Controllers\Home))
 3 SYSTEMPATH\CodeIgniter.php(349): CodeIgniter\CodeIgniter->handleRequest(null, Object(Config\Cache), false)
 4 FCPATH\index.php(67): CodeIgniter\CodeIgniter->run()
CRITICAL - 2023-01-10 12:15:14 --> Class "Vehiculo" not found
in APPPATH\Controllers\Home.php on line 11.
 1 SYSTEMPATH\CodeIgniter.php(925): App\Controllers\Home->index()
 2 SYSTEMPATH\CodeIgniter.php(480): CodeIgniter\CodeIgniter->runController(Object(App\Controllers\Home))
 3 SYSTEMPATH\CodeIgniter.php(349): CodeIgniter\CodeIgniter->handleRequest(null, Object(Config\Cache), false)
 4 FCPATH\index.php(67): CodeIgniter\CodeIgniter->run()
CRITICAL - 2023-01-10 12:15:15 --> Class "Vehiculo" not found
in APPPATH\Controllers\Home.php on line 11.
 1 SYSTEMPATH\CodeIgniter.php(925): App\Controllers\Home->index()
 2 SYSTEMPATH\CodeIgniter.php(480): CodeIgniter\CodeIgniter->runController(Object(App\Controllers\Home))
 3 SYSTEMPATH\CodeIgniter.php(349): CodeIgniter\CodeIgniter->handleRequest(null, Object(Config\Cache), false)
 4 FCPATH\index.php(67): CodeIgniter\CodeIgniter->run()
CRITICAL - 2023-01-10 12:15:17 --> Class "Vehiculo" not found
in APPPATH\Controllers\Home.php on line 11.
 1 SYSTEMPATH\CodeIgniter.php(925): App\Controllers\Home->index()
 2 SYSTEMPATH\CodeIgniter.php(480): CodeIgniter\CodeIgniter->runController(Object(App\Controllers\Home))
 3 SYSTEMPATH\CodeIgniter.php(349): CodeIgniter\CodeIgniter->handleRequest(null, Object(Config\Cache), false)
 4 FCPATH\index.php(67): CodeIgniter\CodeIgniter->run()
CRITICAL - 2023-01-10 12:15:33 --> Class "Vehiculo" not found
in APPPATH\Controllers\Home.php on line 11.
 1 SYSTEMPATH\CodeIgniter.php(925): App\Controllers\Home->index()
 2 SYSTEMPATH\CodeIgniter.php(480): CodeIgniter\CodeIgniter->runController(Object(App\Controllers\Home))
 3 SYSTEMPATH\CodeIgniter.php(349): CodeIgniter\CodeIgniter->handleRequest(null, Object(Config\Cache), false)
 4 FCPATH\index.php(67): CodeIgniter\CodeIgniter->run()
CRITICAL - 2023-01-10 12:15:35 --> Class "Vehiculo" not found
in APPPATH\Controllers\Home.php on line 11.
 1 SYSTEMPATH\CodeIgniter.php(925): App\Controllers\Home->index()
 2 SYSTEMPATH\CodeIgniter.php(480): CodeIgniter\CodeIgniter->runController(Object(App\Controllers\Home))
 3 SYSTEMPATH\CodeIgniter.php(349): CodeIgniter\CodeIgniter->handleRequest(null, Object(Config\Cache), false)
 4 FCPATH\index.php(67): CodeIgniter\CodeIgniter->run()
CRITICAL - 2023-01-10 12:15:40 --> Class "Vehiculo" not found
in APPPATH\Controllers\Home.php on line 11.
 1 SYSTEMPATH\CodeIgniter.php(925): App\Controllers\Home->index()
 2 SYSTEMPATH\CodeIgniter.php(480): CodeIgniter\CodeIgniter->runController(Object(App\Controllers\Home))
 3 SYSTEMPATH\CodeIgniter.php(349): CodeIgniter\CodeIgniter->handleRequest(null, Object(Config\Cache), false)
 4 FCPATH\index.php(67): CodeIgniter\CodeIgniter->run()
CRITICAL - 2023-01-10 12:16:02 --> Class "Vehiculo" not found
in APPPATH\Controllers\Home.php on line 11.
 1 SYSTEMPATH\CodeIgniter.php(925): App\Controllers\Home->index()
 2 SYSTEMPATH\CodeIgniter.php(480): CodeIgniter\CodeIgniter->runController(Object(App\Controllers\Home))
 3 SYSTEMPATH\CodeIgniter.php(349): CodeIgniter\CodeIgniter->handleRequest(null, Object(Config\Cache), false)
 4 FCPATH\index.php(67): CodeIgniter\CodeIgniter->run()
CRITICAL - 2023-01-10 12:16:19 --> Class "Vehiculo" not found
in APPPATH\Controllers\Home.php on line 11.
 1 SYSTEMPATH\CodeIgniter.php(925): App\Controllers\Home->index()
 2 SYSTEMPATH\CodeIgniter.php(480): CodeIgniter\CodeIgniter->runController(Object(App\Controllers\Home))
 3 SYSTEMPATH\CodeIgniter.php(349): CodeIgniter\CodeIgniter->handleRequest(null, Object(Config\Cache), false)
 4 FCPATH\index.php(67): CodeIgniter\CodeIgniter->run()
CRITICAL - 2023-01-10 12:16:21 --> Class "Vehiculo" not found
in APPPATH\Controllers\Home.php on line 11.
 1 SYSTEMPATH\CodeIgniter.php(925): App\Controllers\Home->index()
 2 SYSTEMPATH\CodeIgniter.php(480): CodeIgniter\CodeIgniter->runController(Object(App\Controllers\Home))
 3 SYSTEMPATH\CodeIgniter.php(349): CodeIgniter\CodeIgniter->handleRequest(null, Object(Config\Cache), false)
 4 FCPATH\index.php(67): CodeIgniter\CodeIgniter->run()
CRITICAL - 2023-01-10 12:32:39 --> Undefined variable $vehiculos
in APPPATH\Views\listar.php on line 2.
 1 APPPATH\Views\listar.php(2): CodeIgniter\Debug\Exceptions->errorHandler(2, 'Undefined variable $vehiculos', 'APPPATH\\Views\\listar.php', 2)
 2 SYSTEMPATH\View\View.php(213): include('APPPATH\\Views\\listar.php')
 3 SYSTEMPATH\View\View.php(216): CodeIgniter\View\View->CodeIgniter\View\{closure}()
 4 SYSTEMPATH\Common.php(1135): CodeIgniter\View\View->render('listar', [], true)
 5 APPPATH\Controllers\Home.php(11): view('listar')
 6 SYSTEMPATH\CodeIgniter.php(925): App\Controllers\Home->index()
 7 SYSTEMPATH\CodeIgniter.php(480): CodeIgniter\CodeIgniter->runController(Object(App\Controllers\Home))
 8 SYSTEMPATH\CodeIgniter.php(349): CodeIgniter\CodeIgniter->handleRequest(null, Object(Config\Cache), false)
 9 FCPATH\index.php(67): CodeIgniter\CodeIgniter->run()
CRITICAL - 2023-01-10 12:52:07 --> Undefined variable $vehiculos
in APPPATH\Views\listar.php on line 2.
 1 APPPATH\Views\listar.php(2): CodeIgniter\Debug\Exceptions->errorHandler(2, 'Undefined variable $vehiculos', 'APPPATH\\Views\\listar.php', 2)
 2 SYSTEMPATH\View\View.php(213): include('APPPATH\\Views\\listar.php')
 3 SYSTEMPATH\View\View.php(216): CodeIgniter\View\View->CodeIgniter\View\{closure}()
 4 SYSTEMPATH\Common.php(1135): CodeIgniter\View\View->render('listar', [], true)
 5 APPPATH\Controllers\Home.php(11): view('listar')
 6 SYSTEMPATH\CodeIgniter.php(925): App\Controllers\Home->index()
 7 SYSTEMPATH\CodeIgniter.php(480): CodeIgniter\CodeIgniter->runController(Object(App\Controllers\Home))
 8 SYSTEMPATH\CodeIgniter.php(349): CodeIgniter\CodeIgniter->handleRequest(null, Object(Config\Cache), false)
 9 FCPATH\index.php(67): CodeIgniter\CodeIgniter->run()
ERROR - 2023-01-10 13:09:23 --> mysqli_sql_exception: Unknown column 'id' in 'order clause' in C:\xampp\htdocs\IBCARSELL\system\Database\MySQLi\Connection.php:292
Stack trace:
#0 C:\xampp\htdocs\IBCARSELL\system\Database\MySQLi\Connection.php(292): mysqli->query('SELECT *\nFROM `...', 0)
#1 C:\xampp\htdocs\IBCARSELL\system\Database\BaseConnection.php(666): CodeIgniter\Database\MySQLi\Connection->execute('SELECT *\nFROM `...')
#2 C:\xampp\htdocs\IBCARSELL\system\Database\BaseConnection.php(593): CodeIgniter\Database\BaseConnection->simpleQuery('SELECT *\nFROM `...')
#3 C:\xampp\htdocs\IBCARSELL\system\Database\BaseBuilder.php(1585): CodeIgniter\Database\BaseConnection->query('SELECT *\nFROM `...', Array, false)
#4 C:\xampp\htdocs\IBCARSELL\system\Model.php(240): CodeIgniter\Database\BaseBuilder->get()
#5 C:\xampp\htdocs\IBCARSELL\system\BaseModel.php(586): CodeIgniter\Model->doFindAll(0, 0)
#6 C:\xampp\htdocs\IBCARSELL\app\Controllers\Vehiculos.php(12): CodeIgniter\BaseModel->findAll()
#7 C:\xampp\htdocs\IBCARSELL\system\CodeIgniter.php(925): App\Controllers\Vehiculos->index()
#8 C:\xampp\htdocs\IBCARSELL\system\CodeIgniter.php(480): CodeIgniter\CodeIgniter->runController(Object(App\Controllers\Vehiculos))
#9 C:\xampp\htdocs\IBCARSELL\system\CodeIgniter.php(349): CodeIgniter\CodeIgniter->handleRequest(NULL, Object(Config\Cache), false)
#10 C:\xampp\htdocs\IBCARSELL\index.php(67): CodeIgniter\CodeIgniter->run()
#11 {main}
CRITICAL - 2023-01-10 13:09:23 --> Call to a member function getResult() on bool
in SYSTEMPATH\Model.php on line 241.
 1 SYSTEMPATH\BaseModel.php(586): CodeIgniter\Model->doFindAll(0, 0)
 2 APPPATH\Controllers\Vehiculos.php(12): CodeIgniter\BaseModel->findAll()
 3 SYSTEMPATH\CodeIgniter.php(925): App\Controllers\Vehiculos->index()
 4 SYSTEMPATH\CodeIgniter.php(480): CodeIgniter\CodeIgniter->runController(Object(App\Controllers\Vehiculos))
 5 SYSTEMPATH\CodeIgniter.php(349): CodeIgniter\CodeIgniter->handleRequest(null, Object(Config\Cache), false)
 6 FCPATH\index.php(67): CodeIgniter\CodeIgniter->run()
ERROR - 2023-01-10 13:10:35 --> mysqli_sql_exception: Unknown column 'cat_id' in 'order clause' in C:\xampp\htdocs\IBCARSELL\system\Database\MySQLi\Connection.php:292
Stack trace:
#0 C:\xampp\htdocs\IBCARSELL\system\Database\MySQLi\Connection.php(292): mysqli->query('SELECT *\nFROM `...', 0)
#1 C:\xampp\htdocs\IBCARSELL\system\Database\BaseConnection.php(666): CodeIgniter\Database\MySQLi\Connection->execute('SELECT *\nFROM `...')
#2 C:\xampp\htdocs\IBCARSELL\system\Database\BaseConnection.php(593): CodeIgniter\Database\BaseConnection->simpleQuery('SELECT *\nFROM `...')
#3 C:\xampp\htdocs\IBCARSELL\system\Database\BaseBuilder.php(1585): CodeIgniter\Database\BaseConnection->query('SELECT *\nFROM `...', Array, false)
#4 C:\xampp\htdocs\IBCARSELL\system\Model.php(240): CodeIgniter\Database\BaseBuilder->get()
#5 C:\xampp\htdocs\IBCARSELL\system\BaseModel.php(586): CodeIgniter\Model->doFindAll(0, 0)
#6 C:\xampp\htdocs\IBCARSELL\app\Controllers\Vehiculos.php(12): CodeIgniter\BaseModel->findAll()
#7 C:\xampp\htdocs\IBCARSELL\system\CodeIgniter.php(925): App\Controllers\Vehiculos->index()
#8 C:\xampp\htdocs\IBCARSELL\system\CodeIgniter.php(480): CodeIgniter\CodeIgniter->runController(Object(App\Controllers\Vehiculos))
#9 C:\xampp\htdocs\IBCARSELL\system\CodeIgniter.php(349): CodeIgniter\CodeIgniter->handleRequest(NULL, Object(Config\Cache), false)
#10 C:\xampp\htdocs\IBCARSELL\index.php(67): CodeIgniter\CodeIgniter->run()
#11 {main}
CRITICAL - 2023-01-10 13:10:35 --> Call to a member function getResult() on bool
in SYSTEMPATH\Model.php on line 241.
 1 SYSTEMPATH\BaseModel.php(586): CodeIgniter\Model->doFindAll(0, 0)
 2 APPPATH\Controllers\Vehiculos.php(12): CodeIgniter\BaseModel->findAll()
 3 SYSTEMPATH\CodeIgniter.php(925): App\Controllers\Vehiculos->index()
 4 SYSTEMPATH\CodeIgniter.php(480): CodeIgniter\CodeIgniter->runController(Object(App\Controllers\Vehiculos))
 5 SYSTEMPATH\CodeIgniter.php(349): CodeIgniter\CodeIgniter->handleRequest(null, Object(Config\Cache), false)
 6 FCPATH\index.php(67): CodeIgniter\CodeIgniter->run()
ERROR - 2023-01-10 13:12:02 --> mysqli_sql_exception: Unknown column 'cat_id' in 'order clause' in C:\xampp\htdocs\IBCARSELL\system\Database\MySQLi\Connection.php:292
Stack trace:
#0 C:\xampp\htdocs\IBCARSELL\system\Database\MySQLi\Connection.php(292): mysqli->query('SELECT *\nFROM `...', 0)
#1 C:\xampp\htdocs\IBCARSELL\system\Database\BaseConnection.php(666): CodeIgniter\Database\MySQLi\Connection->execute('SELECT *\nFROM `...')
#2 C:\xampp\htdocs\IBCARSELL\system\Database\BaseConnection.php(593): CodeIgniter\Database\BaseConnection->simpleQuery('SELECT *\nFROM `...')
#3 C:\xampp\htdocs\IBCARSELL\system\Database\BaseBuilder.php(1585): CodeIgniter\Database\BaseConnection->query('SELECT *\nFROM `...', Array, false)
#4 C:\xampp\htdocs\IBCARSELL\system\Model.php(240): CodeIgniter\Database\BaseBuilder->get()
#5 C:\xampp\htdocs\IBCARSELL\system\BaseModel.php(586): CodeIgniter\Model->doFindAll(0, 0)
#6 C:\xampp\htdocs\IBCARSELL\app\Controllers\Vehiculos.php(12): CodeIgniter\BaseModel->findAll()
#7 C:\xampp\htdocs\IBCARSELL\system\CodeIgniter.php(925): App\Controllers\Vehiculos->index()
#8 C:\xampp\htdocs\IBCARSELL\system\CodeIgniter.php(480): CodeIgniter\CodeIgniter->runController(Object(App\Controllers\Vehiculos))
#9 C:\xampp\htdocs\IBCARSELL\system\CodeIgniter.php(349): CodeIgniter\CodeIgniter->handleRequest(NULL, Object(Config\Cache), false)
#10 C:\xampp\htdocs\IBCARSELL\index.php(67): CodeIgniter\CodeIgniter->run()
#11 {main}
CRITICAL - 2023-01-10 13:12:02 --> Call to a member function getResult() on bool
in SYSTEMPATH\Model.php on line 241.
 1 SYSTEMPATH\BaseModel.php(586): CodeIgniter\Model->doFindAll(0, 0)
 2 APPPATH\Controllers\Vehiculos.php(12): CodeIgniter\BaseModel->findAll()
 3 SYSTEMPATH\CodeIgniter.php(925): App\Controllers\Vehiculos->index()
 4 SYSTEMPATH\CodeIgniter.php(480): CodeIgniter\CodeIgniter->runController(Object(App\Controllers\Vehiculos))
 5 SYSTEMPATH\CodeIgniter.php(349): CodeIgniter\CodeIgniter->handleRequest(null, Object(Config\Cache), false)
 6 FCPATH\index.php(67): CodeIgniter\CodeIgniter->run()
CRITICAL - 2023-01-10 13:50:24 --> syntax error, unexpected token "endforeach", expecting end of file
in APPPATH\Views\listar.php on line 16.
 1 SYSTEMPATH\View\View.php(216): CodeIgniter\View\View->CodeIgniter\View\{closure}()
 2 SYSTEMPATH\Common.php(1135): CodeIgniter\View\View->render('listar', [], true)
 3 APPPATH\Controllers\Vehiculos.php(14): view('listar', [...])
 4 SYSTEMPATH\CodeIgniter.php(925): App\Controllers\Vehiculos->index()
 5 SYSTEMPATH\CodeIgniter.php(480): CodeIgniter\CodeIgniter->runController(Object(App\Controllers\Vehiculos))
 6 SYSTEMPATH\CodeIgniter.php(349): CodeIgniter\CodeIgniter->handleRequest(null, Object(Config\Cache), false)
 7 FCPATH\index.php(67): CodeIgniter\CodeIgniter->run()
CRITICAL - 2023-01-10 14:03:44 --> Undefined array key "ruta"
in APPPATH\Views\listar.php on line 15.
 1 APPPATH\Views\listar.php(15): CodeIgniter\Debug\Exceptions->errorHandler(2, 'Undefined array key "ruta"', 'APPPATH\\Views\\listar.php', 15)
 2 SYSTEMPATH\View\View.php(213): include('APPPATH\\Views\\listar.php')
 3 SYSTEMPATH\View\View.php(216): CodeIgniter\View\View->CodeIgniter\View\{closure}()
 4 SYSTEMPATH\Common.php(1135): CodeIgniter\View\View->render('listar', [], true)
 5 APPPATH\Controllers\Vehiculos.php(14): view('listar', [...])
 6 SYSTEMPATH\CodeIgniter.php(925): App\Controllers\Vehiculos->index()
 7 SYSTEMPATH\CodeIgniter.php(480): CodeIgniter\CodeIgniter->runController(Object(App\Controllers\Vehiculos))
 8 SYSTEMPATH\CodeIgniter.php(349): CodeIgniter\CodeIgniter->handleRequest(null, Object(Config\Cache), false)
 9 FCPATH\index.php(67): CodeIgniter\CodeIgniter->run()
CRITICAL - 2023-01-10 15:07:01 --> Undefined variable $id
in APPPATH\Views\lista-vehiculos.php on line 3.
 1 APPPATH\Views\lista-vehiculos.php(3): CodeIgniter\Debug\Exceptions->errorHandler(2, 'Undefined variable $id', 'APPPATH\\Views\\lista-vehiculos.php', 3)
 2 SYSTEMPATH\View\View.php(213): include('APPPATH\\Views\\lista-vehiculos.php')
 3 SYSTEMPATH\View\View.php(216): CodeIgniter\View\View->CodeIgniter\View\{closure}()
 4 SYSTEMPATH\Common.php(1135): CodeIgniter\View\View->render('lista-vehiculos', [], true)
 5 APPPATH\Controllers\Vehiculos.php(20): view('lista-vehiculos')
 6 SYSTEMPATH\CodeIgniter.php(925): App\Controllers\Vehiculos->vehiculos('1')
 7 SYSTEMPATH\CodeIgniter.php(480): CodeIgniter\CodeIgniter->runController(Object(App\Controllers\Vehiculos))
 8 SYSTEMPATH\CodeIgniter.php(349): CodeIgniter\CodeIgniter->handleRequest(null, Object(Config\Cache), false)
 9 FCPATH\index.php(67): CodeIgniter\CodeIgniter->run()
CRITICAL - 2023-01-10 15:15:10 --> Class "App\Models\Vehiculo2" not found
in APPPATH\Controllers\Vehiculos.php on line 21.
 1 SYSTEMPATH\CodeIgniter.php(925): App\Controllers\Vehiculos->vehiculos('1')
 2 SYSTEMPATH\CodeIgniter.php(480): CodeIgniter\CodeIgniter->runController(Object(App\Controllers\Vehiculos))
 3 SYSTEMPATH\CodeIgniter.php(349): CodeIgniter\CodeIgniter->handleRequest(null, Object(Config\Cache), false)
 4 FCPATH\index.php(67): CodeIgniter\CodeIgniter->run()
CRITICAL - 2023-01-10 15:16:57 --> Class "App\Controllers\Vehiculo2" not found
in APPPATH\Controllers\Vehiculos.php on line 21.
 1 SYSTEMPATH\CodeIgniter.php(925): App\Controllers\Vehiculos->vehiculos('1')
 2 SYSTEMPATH\CodeIgniter.php(480): CodeIgniter\CodeIgniter->runController(Object(App\Controllers\Vehiculos))
 3 SYSTEMPATH\CodeIgniter.php(349): CodeIgniter\CodeIgniter->handleRequest(null, Object(Config\Cache), false)
 4 FCPATH\index.php(67): CodeIgniter\CodeIgniter->run()
CRITICAL - 2023-01-10 15:18:02 --> Class "App\Models\Vehiculo2" not found
in APPPATH\Controllers\Vehiculos.php on line 21.
 1 SYSTEMPATH\CodeIgniter.php(925): App\Controllers\Vehiculos->vehiculos('1')
 2 SYSTEMPATH\CodeIgniter.php(480): CodeIgniter\CodeIgniter->runController(Object(App\Controllers\Vehiculos))
 3 SYSTEMPATH\CodeIgniter.php(349): CodeIgniter\CodeIgniter->handleRequest(null, Object(Config\Cache), false)
 4 FCPATH\index.php(67): CodeIgniter\CodeIgniter->run()
CRITICAL - 2023-01-10 15:18:05 --> Class "App\Models\Vehiculo2" not found
in APPPATH\Controllers\Vehiculos.php on line 21.
 1 SYSTEMPATH\CodeIgniter.php(925): App\Controllers\Vehiculos->vehiculos('1')
 2 SYSTEMPATH\CodeIgniter.php(480): CodeIgniter\CodeIgniter->runController(Object(App\Controllers\Vehiculos))
 3 SYSTEMPATH\CodeIgniter.php(349): CodeIgniter\CodeIgniter->handleRequest(null, Object(Config\Cache), false)
 4 FCPATH\index.php(67): CodeIgniter\CodeIgniter->run()
CRITICAL - 2023-01-10 15:19:00 --> Class "App\Models\Vehiculo2" not found
in APPPATH\Controllers\Vehiculos.php on line 21.
 1 SYSTEMPATH\CodeIgniter.php(925): App\Controllers\Vehiculos->vehiculos('1')
 2 SYSTEMPATH\CodeIgniter.php(480): CodeIgniter\CodeIgniter->runController(Object(App\Controllers\Vehiculos))
 3 SYSTEMPATH\CodeIgniter.php(349): CodeIgniter\CodeIgniter->handleRequest(null, Object(Config\Cache), false)
 4 FCPATH\index.php(67): CodeIgniter\CodeIgniter->run()
CRITICAL - 2023-01-10 15:19:02 --> Class "App\Models\Vehiculo2" not found
in APPPATH\Controllers\Vehiculos.php on line 21.
 1 SYSTEMPATH\CodeIgniter.php(925): App\Controllers\Vehiculos->vehiculos('1')
 2 SYSTEMPATH\CodeIgniter.php(480): CodeIgniter\CodeIgniter->runController(Object(App\Controllers\Vehiculos))
 3 SYSTEMPATH\CodeIgniter.php(349): CodeIgniter\CodeIgniter->handleRequest(null, Object(Config\Cache), false)
 4 FCPATH\index.php(67): CodeIgniter\CodeIgniter->run()
CRITICAL - 2023-01-10 15:23:19 --> Class "App\Models\Vehiculo2" not found
in APPPATH\Controllers\Vehiculos.php on line 21.
 1 SYSTEMPATH\CodeIgniter.php(925): App\Controllers\Vehiculos->vehiculos('1')
 2 SYSTEMPATH\CodeIgniter.php(480): CodeIgniter\CodeIgniter->runController(Object(App\Controllers\Vehiculos))
 3 SYSTEMPATH\CodeIgniter.php(349): CodeIgniter\CodeIgniter->handleRequest(null, Object(Config\Cache), false)
 4 FCPATH\index.php(67): CodeIgniter\CodeIgniter->run()
CRITICAL - 2023-01-10 15:27:35 --> Class "App\Controllers\Vehiculo2" not found
in APPPATH\Controllers\Vehiculos.php on line 21.
 1 SYSTEMPATH\CodeIgniter.php(925): App\Controllers\Vehiculos->vehiculos('1')
 2 SYSTEMPATH\CodeIgniter.php(480): CodeIgniter\CodeIgniter->runController(Object(App\Controllers\Vehiculos))
 3 SYSTEMPATH\CodeIgniter.php(349): CodeIgniter\CodeIgniter->handleRequest(null, Object(Config\Cache), false)
 4 FCPATH\index.php(67): CodeIgniter\CodeIgniter->run()
CRITICAL - 2023-01-10 15:27:54 --> Class "App\Controllers\Vehiculo2" not found
in APPPATH\Controllers\Vehiculos.php on line 22.
 1 SYSTEMPATH\CodeIgniter.php(925): App\Controllers\Vehiculos->vehiculos('1')
 2 SYSTEMPATH\CodeIgniter.php(480): CodeIgniter\CodeIgniter->runController(Object(App\Controllers\Vehiculos))
 3 SYSTEMPATH\CodeIgniter.php(349): CodeIgniter\CodeIgniter->handleRequest(null, Object(Config\Cache), false)
 4 FCPATH\index.php(67): CodeIgniter\CodeIgniter->run()
CRITICAL - 2023-01-10 15:27:55 --> Class "App\Controllers\Vehiculo2" not found
in APPPATH\Controllers\Vehiculos.php on line 22.
 1 SYSTEMPATH\CodeIgniter.php(925): App\Controllers\Vehiculos->vehiculos('1')
 2 SYSTEMPATH\CodeIgniter.php(480): CodeIgniter\CodeIgniter->runController(Object(App\Controllers\Vehiculos))
 3 SYSTEMPATH\CodeIgniter.php(349): CodeIgniter\CodeIgniter->handleRequest(null, Object(Config\Cache), false)
 4 FCPATH\index.php(67): CodeIgniter\CodeIgniter->run()
CRITICAL - 2023-01-10 15:27:56 --> Class "App\Controllers\Vehiculo2" not found
in APPPATH\Controllers\Vehiculos.php on line 22.
 1 SYSTEMPATH\CodeIgniter.php(925): App\Controllers\Vehiculos->vehiculos('1')
 2 SYSTEMPATH\CodeIgniter.php(480): CodeIgniter\CodeIgniter->runController(Object(App\Controllers\Vehiculos))
 3 SYSTEMPATH\CodeIgniter.php(349): CodeIgniter\CodeIgniter->handleRequest(null, Object(Config\Cache), false)
 4 FCPATH\index.php(67): CodeIgniter\CodeIgniter->run()
CRITICAL - 2023-01-10 15:27:57 --> Class "App\Controllers\Vehiculo2" not found
in APPPATH\Controllers\Vehiculos.php on line 22.
 1 SYSTEMPATH\CodeIgniter.php(925): App\Controllers\Vehiculos->vehiculos('1')
 2 SYSTEMPATH\CodeIgniter.php(480): CodeIgniter\CodeIgniter->runController(Object(App\Controllers\Vehiculos))
 3 SYSTEMPATH\CodeIgniter.php(349): CodeIgniter\CodeIgniter->handleRequest(null, Object(Config\Cache), false)
 4 FCPATH\index.php(67): CodeIgniter\CodeIgniter->run()
CRITICAL - 2023-01-10 15:40:47 --> Undefined variable $vehiculos2
in APPPATH\Views\lista-vehiculos.php on line 3.
 1 APPPATH\Views\lista-vehiculos.php(3): CodeIgniter\Debug\Exceptions->errorHandler(2, 'Undefined variable $vehiculos2', 'APPPATH\\Views\\lista-vehiculos.php', 3)
 2 SYSTEMPATH\View\View.php(213): include('APPPATH\\Views\\lista-vehiculos.php')
 3 SYSTEMPATH\View\View.php(216): CodeIgniter\View\View->CodeIgniter\View\{closure}()
 4 SYSTEMPATH\Common.php(1135): CodeIgniter\View\View->render('lista-vehiculos', [], true)
 5 APPPATH\Controllers\Home.php(11): view('lista-vehiculos')
 6 SYSTEMPATH\CodeIgniter.php(925): App\Controllers\Home->index()
 7 SYSTEMPATH\CodeIgniter.php(480): CodeIgniter\CodeIgniter->runController(Object(App\Controllers\Home))
 8 SYSTEMPATH\CodeIgniter.php(349): CodeIgniter\CodeIgniter->handleRequest(null, Object(Config\Cache), false)
 9 FCPATH\index.php(67): CodeIgniter\CodeIgniter->run()
CRITICAL - 2023-01-10 15:51:47 --> Class "App\Controllers\Vehiculo2" not found
in APPPATH\Controllers\Vehiculos.php on line 21.
 1 SYSTEMPATH\CodeIgniter.php(925): App\Controllers\Vehiculos->vehiculos('1')
 2 SYSTEMPATH\CodeIgniter.php(480): CodeIgniter\CodeIgniter->runController(Object(App\Controllers\Vehiculos))
 3 SYSTEMPATH\CodeIgniter.php(349): CodeIgniter\CodeIgniter->handleRequest(null, Object(Config\Cache), false)
 4 FCPATH\index.php(67): CodeIgniter\CodeIgniter->run()
ERROR - 2023-01-10 15:52:44 --> mysqli_sql_exception: Unknown column 'id_cat_vehiculo' in 'where clause' in C:\xampp\htdocs\IBCARSELL\system\Database\MySQLi\Connection.php:292
Stack trace:
#0 C:\xampp\htdocs\IBCARSELL\system\Database\MySQLi\Connection.php(292): mysqli->query('SELECT *\nFROM `...', 0)
#1 C:\xampp\htdocs\IBCARSELL\system\Database\BaseConnection.php(666): CodeIgniter\Database\MySQLi\Connection->execute('SELECT *\nFROM `...')
#2 C:\xampp\htdocs\IBCARSELL\system\Database\BaseConnection.php(593): CodeIgniter\Database\BaseConnection->simpleQuery('SELECT *\nFROM `...')
#3 C:\xampp\htdocs\IBCARSELL\system\Database\BaseBuilder.php(1585): CodeIgniter\Database\BaseConnection->query('SELECT *\nFROM `...', Array, false)
#4 C:\xampp\htdocs\IBCARSELL\system\Model.php(240): CodeIgniter\Database\BaseBuilder->get()
#5 C:\xampp\htdocs\IBCARSELL\system\BaseModel.php(586): CodeIgniter\Model->doFindAll(0, 0)
#6 C:\xampp\htdocs\IBCARSELL\app\Controllers\Vehiculos.php(22): CodeIgniter\BaseModel->findAll()
#7 C:\xampp\htdocs\IBCARSELL\system\CodeIgniter.php(925): App\Controllers\Vehiculos->vehiculos('1')
#8 C:\xampp\htdocs\IBCARSELL\system\CodeIgniter.php(480): CodeIgniter\CodeIgniter->runController(Object(App\Controllers\Vehiculos))
#9 C:\xampp\htdocs\IBCARSELL\system\CodeIgniter.php(349): CodeIgniter\CodeIgniter->handleRequest(NULL, Object(Config\Cache), false)
#10 C:\xampp\htdocs\IBCARSELL\index.php(67): CodeIgniter\CodeIgniter->run()
#11 {main}
CRITICAL - 2023-01-10 15:52:44 --> Call to a member function getResult() on bool
in SYSTEMPATH\Model.php on line 241.
 1 SYSTEMPATH\BaseModel.php(586): CodeIgniter\Model->doFindAll(0, 0)
 2 APPPATH\Controllers\Vehiculos.php(22): CodeIgniter\BaseModel->findAll()
 3 SYSTEMPATH\CodeIgniter.php(925): App\Controllers\Vehiculos->vehiculos('1')
 4 SYSTEMPATH\CodeIgniter.php(480): CodeIgniter\CodeIgniter->runController(Object(App\Controllers\Vehiculos))
 5 SYSTEMPATH\CodeIgniter.php(349): CodeIgniter\CodeIgniter->handleRequest(null, Object(Config\Cache), false)
 6 FCPATH\index.php(67): CodeIgniter\CodeIgniter->run()
CRITICAL - 2023-01-10 15:53:41 --> Undefined variable $vehiculos
in APPPATH\Views\listar.php on line 14.
 1 APPPATH\Views\listar.php(14): CodeIgniter\Debug\Exceptions->errorHandler(2, 'Undefined variable $vehiculos', 'APPPATH\\Views\\listar.php', 14)
 2 SYSTEMPATH\View\View.php(213): include('APPPATH\\Views\\listar.php')
 3 SYSTEMPATH\View\View.php(216): CodeIgniter\View\View->CodeIgniter\View\{closure}()
 4 SYSTEMPATH\Common.php(1135): CodeIgniter\View\View->render('listar', [], true)
 5 APPPATH\Controllers\Home.php(11): view('listar')
 6 SYSTEMPATH\CodeIgniter.php(925): App\Controllers\Home->index()
 7 SYSTEMPATH\CodeIgniter.php(480): CodeIgniter\CodeIgniter->runController(Object(App\Controllers\Home))
 8 SYSTEMPATH\CodeIgniter.php(349): CodeIgniter\CodeIgniter->handleRequest(null, Object(Config\Cache), false)
 9 FCPATH\index.php(67): CodeIgniter\CodeIgniter->run()
